picture/second/cavity_flow_data/moving_mesh_20.eps
<nop>
picture/second/cavity_flow_data/vortex_mesh20.eps
<nop>
picture/second/cavity_flow_data/divergence_uniform_1.eps
<nop>
picture/second/cavity_flow_data/divergence_moving_1.eps
<nop>
picture/second/cavity_flow_data/streamline_mesh20.eps
<nop>
picture/second/cavity_flow_data/Fp_comparation_mesh20.eps
<nop>
picture/second/L_shaped_flow_data/mesh.eps
<nop>
picture/second/L_shaped_flow_data/streamline.eps
<nop>
picture/second/L_shaped_flow_data/iterate_steps.eps
<nop>
picture/second/obstacle_flow_data/iteration_steps_via_alpha.eps
<nop>
picture/second/obstacle_flow_data/mesh_vortex_t2s.eps
<nop>
picture/second/obstacle_flow_data/mesh_vortex_t40s.eps
<nop>
