\BOOKMARK [0][-]{chapter*.1}{\376\377\144\130\000\040\000\040\211\201}{}% 1
\BOOKMARK [0][-]{chapter*.2}{\376\377\000\101\000\142\000\163\000\164\000\162\000\141\000\143\000\164}{}% 2
\BOOKMARK [0][-]{chapter*.3}{\376\377\166\356\000\040\000\040\137\125}{}% 3
\BOOKMARK [0][-]{chapter.1}{\376\377\173\054\000\040\000\061\000\040\172\340\000\040\000\040\176\352\213\272}{}% 4
\BOOKMARK [1][-]{section.1.1}{\376\377\000\061\000\056\000\061\000\040\137\025\212\000}{chapter.1}% 5
\BOOKMARK [1][-]{section.1.2}{\376\377\000\061\000\056\000\062\000\040\170\024\172\166\200\314\146\157}{chapter.1}% 6
\BOOKMARK [1][-]{section.1.3}{\376\377\000\061\000\056\000\063\000\040\213\272\145\207\166\204\176\304\176\307}{chapter.1}% 7
\BOOKMARK [0][-]{chapter.2}{\376\377\173\054\000\040\000\062\000\040\172\340\000\040\000\040\230\204\131\007\167\345\213\306}{}% 8
\BOOKMARK [1][-]{section.2.1}{\376\377\000\062\000\056\000\061\000\040\155\367\124\010\147\011\226\120\121\103}{chapter.2}% 9
\BOOKMARK [1][-]{section.2.2}{\376\377\000\062\000\056\000\062\000\040\121\340\117\125\220\127\117\040\150\021\176\323\147\204}{chapter.2}% 10
\BOOKMARK [1][-]{section.2.3}{\376\377\000\062\000\056\000\063\000\040\171\373\122\250\177\121\150\074\145\271\154\325}{chapter.2}% 11
\BOOKMARK [1][-]{section.2.4}{\376\377\000\062\000\056\000\064\000\040\230\204\131\004\164\006\145\271\154\325}{chapter.2}% 12
\BOOKMARK [2][-]{subsection.2.4.1}{\376\377\000\062\000\056\000\064\000\056\000\061\000\040\224\210\133\371\000\123\000\164\000\157\000\153\000\145\000\163\145\271\172\013}{section.2.4}% 13
\BOOKMARK [2][-]{subsection.2.4.2}{\376\377\000\062\000\056\000\064\000\056\000\062\000\040\224\210\133\371\000\116\000\141\000\166\000\151\000\145\000\162\000\055\000\123\000\164\000\157\000\153\000\145\000\163\145\271\172\013}{section.2.4}% 14
\BOOKMARK [0][-]{chapter.3}{\376\377\173\054\000\040\000\063\000\040\172\340\000\040\000\040\127\372\116\216\000\064\000\120\000\061\000\055\000\120\000\061\121\103\154\102\211\343\116\015\123\357\123\213\000\040\000\116\000\055\000\123\000\040\145\271\172\013\166\204\171\373\122\250\177\121\150\074\147\011\226\120\121\103\145\271\154\325}{}% 15
\BOOKMARK [1][-]{section.3.1}{\376\377\000\063\000\056\000\061\000\040\145\160\143\156\176\323\147\204}{chapter.3}% 16
\BOOKMARK [1][-]{section.3.2}{\376\377\000\063\000\056\000\062\000\040\155\367\124\010\121\103\217\321\117\074}{chapter.3}% 17
\BOOKMARK [2][-]{subsection.3.2.1}{\376\377\000\063\000\056\000\062\000\056\000\061\000\040\155\101\117\123\145\271\172\013}{section.3.2}% 18
\BOOKMARK [2][-]{subsection.3.2.2}{\376\377\000\063\000\056\000\062\000\056\000\062\000\040\137\061\137\142\137\017}{section.3.2}% 19
\BOOKMARK [1][-]{section.3.3}{\376\377\000\063\000\056\000\063\000\040\230\204\131\004\164\006\173\126\165\145}{chapter.3}% 20
\BOOKMARK [1][-]{section.3.4}{\376\377\000\063\000\056\000\064\000\040\171\373\122\250\177\121\150\074\173\126\165\145}{chapter.3}% 21
\BOOKMARK [2][-]{subsection.3.4.1}{\376\377\000\063\000\056\000\064\000\056\000\061\000\040\203\267\123\326\143\247\122\066\121\375\145\160}{section.3.4}% 22
\BOOKMARK [2][-]{subsection.3.4.2}{\376\377\000\063\000\056\000\064\000\056\000\062\000\040\203\267\123\326\145\260\166\204\220\073\217\221\177\121\150\074}{section.3.4}% 23
\BOOKMARK [2][-]{subsection.3.4.3}{\376\377\000\063\000\056\000\064\000\056\000\063\000\040\162\151\164\006\177\121\150\074\166\204\171\373\122\250\145\271\124\021}{section.3.4}% 24
\BOOKMARK [2][-]{subsection.3.4.4}{\376\377\000\063\000\056\000\064\000\056\000\064\000\040\145\143\136\246\116\072\000\040\000\060\000\040\166\204\143\322\120\074}{section.3.4}% 25
\BOOKMARK [1][-]{section.3.5}{\376\377\000\063\000\056\000\065\000\040\145\160\120\074\173\227\117\213}{chapter.3}% 26
\BOOKMARK [2][-]{subsection.3.5.1}{\376\377\000\063\000\056\000\065\000\056\000\061\000\040\170\260\144\236\155\101}{section.3.5}% 27
\BOOKMARK [2][-]{subsection.3.5.2}{\376\377\000\063\000\056\000\065\000\056\000\062\000\040\125\267\134\004\155\101}{section.3.5}% 28
\BOOKMARK [2][-]{subsection.3.5.3}{\376\377\000\063\000\056\000\065\000\056\000\063\000\040\155\101\117\123\176\317\217\307\116\000\116\052\121\371\137\142\123\360\226\066}{section.3.5}% 29
\BOOKMARK [2][-]{subsection.3.5.4}{\376\377\000\063\000\056\000\065\000\056\000\064\000\040\127\006\147\361\176\325\155\101}{section.3.5}% 30
\BOOKMARK [0][-]{chapter.4}{\376\377\173\054\000\040\000\064\000\040\172\340\000\040\000\040\201\352\220\002\136\224\177\121\150\074\116\012\116\015\123\357\123\213\000\040\000\116\000\055\000\123\000\040\145\271\172\013\166\204\116\343\145\160\131\032\221\315\177\121\150\074\230\204\131\004\164\006\173\126\165\145}{}% 31
\BOOKMARK [1][-]{section.4.1}{\376\377\000\064\000\056\000\061\000\040\145\160\120\074\171\273\145\143}{chapter.4}% 32
\BOOKMARK [2][-]{subsection.4.1.1}{\376\377\000\064\000\056\000\061\000\056\000\061\000\040\145\366\225\364\145\271\124\021\166\204\171\273\145\143}{section.4.1}% 33
\BOOKMARK [2][-]{subsection.4.1.2}{\376\377\000\064\000\056\000\061\000\056\000\062\000\040\172\172\225\364\171\273\145\143}{section.4.1}% 34
\BOOKMARK [1][-]{section.4.2}{\376\377\000\064\000\056\000\062\000\040\137\353\220\037\000\040\000\113\000\162\000\171\000\154\000\157\000\166\000\040\154\102\211\343}{chapter.4}% 35
\BOOKMARK [1][-]{section.4.3}{\376\377\000\064\000\056\000\063\000\040\171\373\122\250\177\121\150\074\173\126\165\145}{chapter.4}% 36
\BOOKMARK [2][-]{subsection.4.3.1}{\376\377\000\064\000\056\000\063\000\056\000\061\000\040\177\121\150\074\171\373\122\250\166\204\155\101\172\013}{section.4.3}% 37
\BOOKMARK [2][-]{subsection.4.3.2}{\376\377\000\064\000\056\000\063\000\056\000\062\000\040\165\050\000\101\000\115\000\107\000\040\230\204\131\004\164\006\154\102\211\343\000\040\000\050\000\064\000\056\000\064\000\070\000\051}{section.4.3}% 38
\BOOKMARK [1][-]{section.4.4}{\376\377\000\064\000\056\000\064\000\040\145\160\120\074\173\227\117\213}{chapter.4}% 39
\BOOKMARK [2][-]{subsection.4.4.1}{\376\377\000\064\000\056\000\064\000\056\000\061\000\040\145\271\201\124\232\161\122\250\155\101}{section.4.4}% 40
\BOOKMARK [2][-]{subsection.4.4.2}{\376\377\000\064\000\056\000\064\000\056\000\062\000\040\124\021\124\016\123\360\226\066\155\101}{section.4.4}% 41
\BOOKMARK [2][-]{subsection.4.4.3}{\376\377\000\064\000\056\000\064\000\056\000\063\000\040\127\006\147\361\176\325\155\101}{section.4.4}% 42
\BOOKMARK [0][-]{chapter.5}{\376\377\173\054\000\040\000\065\000\040\172\340\000\040\000\040\140\073\176\323\116\016\135\345\117\134\134\125\147\033}{}% 43
\BOOKMARK [1][-]{section.5.1}{\376\377\000\065\000\056\000\061\000\040\140\073\176\323}{chapter.5}% 44
\BOOKMARK [1][-]{section.5.2}{\376\377\000\065\000\056\000\062\000\040\135\345\117\134\134\125\147\033}{chapter.5}% 45
\BOOKMARK [0][-]{chapter*.6}{\376\377\123\302\200\003\145\207\163\056}{}% 46
\BOOKMARK [0][-]{chapter*.7}{\376\377\173\200\000\040\000\040\123\206}{}% 47
\BOOKMARK [0][-]{chapter*.8}{\376\377\201\364\000\040\000\040\214\042}{}% 48
\BOOKMARK [0][-]{chapter*.9}{\376\377\155\131\154\137\131\047\133\146\133\146\117\115\213\272\145\207\162\354\122\033\140\047\130\360\146\016}{}% 49
\BOOKMARK [0][-]{chapter*.10}{\376\377\133\146\117\115\213\272\145\207\117\177\165\050\143\210\147\103\130\360\146\016}{}% 50
